[debug] [2024-10-18T18:46:49.660Z] ----------------------------------------------------------------------
[debug] [2024-10-18T18:46:49.662Z] Command:       C:\Program Files\nodejs\node.exe C:\Users\Aditya\AppData\Roaming\npm\node_modules\firebase-tools\lib\bin\firebase.js init
[debug] [2024-10-18T18:46:49.662Z] CLI Version:   13.22.1
[debug] [2024-10-18T18:46:49.662Z] Platform:      win32
[debug] [2024-10-18T18:46:49.662Z] Node Version:  v20.17.0
[debug] [2024-10-18T18:46:49.663Z] Time:          Sat Oct 19 2024 00:16:49 GMT+0530 (India Standard Time)
[debug] [2024-10-18T18:46:49.663Z] ----------------------------------------------------------------------
[debug] 
[debug] [2024-10-18T18:46:49.667Z] > command requires scopes: ["email","openid","https://www.googleapis.com/auth/cloudplatformprojects.readonly","https://www.googleapis.com/auth/firebase","https://www.googleapis.com/auth/cloud-platform"]
[debug] [2024-10-18T18:46:49.667Z] > authorizing via signed-in user (lighthouse10011001@gmail.com)
[info] 
     ######## #### ########  ######## ########     ###     ######  ########
     ##        ##  ##     ## ##       ##     ##  ##   ##  ##       ##
     ######    ##  ########  ######   ########  #########  ######  ######
     ##        ##  ##    ##  ##       ##     ## ##     ##       ## ##
     ##       #### ##     ## ######## ########  ##     ##  ######  ########

You're about to initialize a Firebase project in this directory:

  C:\Users\Aditya\Desktop\SIH_2023_LightHouse_Website-main

[info] 
=== Project Setup
[info] 
[info] First, let's associate this project directory with a Firebase project.
[info] You can create multiple project aliases by running firebase use --add, 
[info] but for now we'll just set up a default project.
[info] 
[debug] [2024-10-18T18:46:58.062Z] Checked if tokens are valid: true, expires at: 1729279810229
[debug] [2024-10-18T18:46:58.062Z] Checked if tokens are valid: true, expires at: 1729279810229
[debug] [2024-10-18T18:46:58.063Z] >>> [apiv2][query] GET https://firebase.googleapis.com/v1beta1/projects pageSize=100
[debug] [2024-10-18T18:46:58.861Z] <<< [apiv2][status] GET https://firebase.googleapis.com/v1beta1/projects 200
[debug] [2024-10-18T18:46:58.861Z] <<< [apiv2][body] GET https://firebase.googleapis.com/v1beta1/projects [omitted]
[info] i  Using project lighthouse-7e45a (LightHouse) 
[info] 
=== Dataconnect Setup
[debug] [2024-10-18T18:47:02.048Z] Checked if tokens are valid: true, expires at: 1729279810229
[debug] [2024-10-18T18:47:02.048Z] Checked if tokens are valid: true, expires at: 1729279810229
[debug] [2024-10-18T18:47:02.049Z] >>> [apiv2][query] GET https://cloudbilling.googleapis.com/v1/projects/lighthouse-7e45a/billingInfo [none]
[debug] [2024-10-18T18:47:03.738Z] <<< [apiv2][status] GET https://cloudbilling.googleapis.com/v1/projects/lighthouse-7e45a/billingInfo 200
[debug] [2024-10-18T18:47:03.738Z] <<< [apiv2][body] GET https://cloudbilling.googleapis.com/v1/projects/lighthouse-7e45a/billingInfo {"name":"projects/lighthouse-7e45a/billingInfo","projectId":"lighthouse-7e45a","billingAccountName":"","billingEnabled":false}
[info] i  dataconnect: ensuring required API sqladmin.googleapis.com is enabled... 
[debug] [2024-10-18T18:47:03.739Z] Checked if tokens are valid: true, expires at: 1729279810229
[debug] [2024-10-18T18:47:03.739Z] Checked if tokens are valid: true, expires at: 1729279810229
[debug] [2024-10-18T18:47:03.739Z] >>> [apiv2][query] GET https://serviceusage.googleapis.com/v1/projects/lighthouse-7e45a/services/sqladmin.googleapis.com [none]
[debug] [2024-10-18T18:47:03.739Z] >>> [apiv2][(partial)header] GET https://serviceusage.googleapis.com/v1/projects/lighthouse-7e45a/services/sqladmin.googleapis.com x-goog-quota-user=projects/lighthouse-7e45a
[debug] [2024-10-18T18:47:05.730Z] <<< [apiv2][status] GET https://serviceusage.googleapis.com/v1/projects/lighthouse-7e45a/services/sqladmin.googleapis.com 200
[debug] [2024-10-18T18:47:05.730Z] <<< [apiv2][body] GET https://serviceusage.googleapis.com/v1/projects/lighthouse-7e45a/services/sqladmin.googleapis.com [omitted]
[info] +  dataconnect: required API sqladmin.googleapis.com is enabled 
[info] i  dataconnect\dataconnect.yaml is unchanged 
[info] i  dataconnect\schema\schema.gql is unchanged 
[info] +  Wrote dataconnect\connector\connector.yaml 
[info] i  dataconnect\connector\queries.gql is unchanged 
[info] i  dataconnect\connector\mutations.gql is unchanged 
[info] +  Detected WEB app in directory C:\Users\Aditya\Desktop\SIH_2023_LightHouse_Website-main 
